<?xml version="1.0" encoding="UTF-8"?>
<!-- Generated by org.testng.reporters.JUnitReportReporter -->
<testsuite hostname="Sharif" failures="0" tests="1" name="Academy.LoginPageTest" time="16.329" errors="0" timestamp="17 Dec 2020 15:29:38 GMT">
  <testcase classname="Academy.LoginPageTest" name="login" time="16.329"/>
</testsuite> <!-- Academy.LoginPageTest -->
